{"/Users/leonardotireck/Documents/Projects/Lara/backend/src/application/CreateUser.usecase.ts": {"path":"/Users/leonardotireck/Documents/Projects/Lara/backend/src/application/CreateUser.usecase.ts","statementMap":{"0":{"start":{"line":1,"column":0},"end":{"line":1,"column":38}},"1":{"start":{"line":5,"column":22},"end":{"line":5,"column":46}},"2":{"start":{"line":8,"column":17},"end":{"line":8,"column":75}},"3":{"start":{"line":10,"column":4},"end":{"line":10,"column":35}},"4":{"start":{"line":11,"column":19},"end":{"line":15,"column":6}},"5":{"start":{"line":16,"column":4},"end":{"line":16,"column":18}},"6":{"start":{"line":4,"column":0},"end":{"line":4,"column":13}}},"fnMap":{"0":{"name":"(anonymous_7)","decl":{"start":{"line":5,"column":2},"end":{"line":5,"column":22}},"loc":{"start":{"line":5,"column":46},"end":{"line":5,"column":50}}},"1":{"name":"(anonymous_8)","decl":{"start":{"line":7,"column":8},"end":{"line":7,"column":15}},"loc":{"start":{"line":7,"column":28},"end":{"line":17,"column":null}}}},"branchMap":{},"s":{"0":1,"1":5,"2":6,"3":6,"4":6,"5":6,"6":1},"f":{"0":5,"1":6},"b":{}}
,"/Users/leonardotireck/Documents/Projects/Lara/backend/src/application/FindAllUsers.usecase.ts": {"path":"/Users/leonardotireck/Documents/Projects/Lara/backend/src/application/FindAllUsers.usecase.ts","statementMap":{"0":{"start":{"line":4,"column":22},"end":{"line":4,"column":46}},"1":{"start":{"line":7,"column":18},"end":{"line":7,"column":46}},"2":{"start":{"line":8,"column":4},"end":{"line":8,"column":52}},"3":{"start":{"line":8,"column":16},"end":{"line":8,"column":52}},"4":{"start":{"line":9,"column":19},"end":{"line":15,"column":6}},"5":{"start":{"line":10,"column":6},"end":{"line":14,"column":8}},"6":{"start":{"line":16,"column":4},"end":{"line":16,"column":18}},"7":{"start":{"line":3,"column":0},"end":{"line":3,"column":13}}},"fnMap":{"0":{"name":"(anonymous_7)","decl":{"start":{"line":4,"column":2},"end":{"line":4,"column":22}},"loc":{"start":{"line":4,"column":46},"end":{"line":4,"column":50}}},"1":{"name":"(anonymous_8)","decl":{"start":{"line":6,"column":8},"end":{"line":6,"column":15}},"loc":{"start":{"line":6,"column":15},"end":{"line":17,"column":null}}},"2":{"name":"(anonymous_10)","decl":{"start":{"line":9,"column":29},"end":{"line":9,"column":30}},"loc":{"start":{"line":9,"column":38},"end":{"line":15,"column":5}}}},"branchMap":{"0":{"loc":{"start":{"line":8,"column":4},"end":{"line":8,"column":52}},"type":"if","locations":[{"start":{"line":8,"column":4},"end":{"line":8,"column":52}},{"start":{},"end":{}}]}},"s":{"0":2,"1":2,"2":2,"3":0,"4":2,"5":2,"6":2,"7":1},"f":{"0":2,"1":2,"2":2},"b":{"0":[0,2]}}
,"/Users/leonardotireck/Documents/Projects/Lara/backend/src/application/FindUserById.usecase.ts": {"path":"/Users/leonardotireck/Documents/Projects/Lara/backend/src/application/FindUserById.usecase.ts","statementMap":{"0":{"start":{"line":4,"column":22},"end":{"line":4,"column":46}},"1":{"start":{"line":7,"column":17},"end":{"line":7,"column":58}},"2":{"start":{"line":9,"column":4},"end":{"line":9,"column":50}},"3":{"start":{"line":9,"column":15},"end":{"line":9,"column":50}},"4":{"start":{"line":11,"column":19},"end":{"line":16,"column":6}},"5":{"start":{"line":17,"column":4},"end":{"line":17,"column":18}},"6":{"start":{"line":3,"column":0},"end":{"line":3,"column":13}}},"fnMap":{"0":{"name":"(anonymous_7)","decl":{"start":{"line":4,"column":2},"end":{"line":4,"column":22}},"loc":{"start":{"line":4,"column":46},"end":{"line":4,"column":50}}},"1":{"name":"(anonymous_8)","decl":{"start":{"line":6,"column":8},"end":{"line":6,"column":15}},"loc":{"start":{"line":6,"column":28},"end":{"line":18,"column":null}}}},"branchMap":{"0":{"loc":{"start":{"line":9,"column":4},"end":{"line":9,"column":50}},"type":"if","locations":[{"start":{"line":9,"column":4},"end":{"line":9,"column":50}},{"start":{},"end":{}}]}},"s":{"0":2,"1":2,"2":2,"3":1,"4":1,"5":1,"6":1},"f":{"0":2,"1":2},"b":{"0":[1,1]}}
,"/Users/leonardotireck/Documents/Projects/Lara/backend/src/application/UpdateUserById.usecase.ts": {"path":"/Users/leonardotireck/Documents/Projects/Lara/backend/src/application/UpdateUserById.usecase.ts","statementMap":{"0":{"start":{"line":2,"column":0},"end":{"line":2,"column":54}},"1":{"start":{"line":5,"column":22},"end":{"line":5,"column":46}},"2":{"start":{"line":8,"column":32},"end":{"line":8,"column":63}},"3":{"start":{"line":9,"column":19},"end":{"line":11,"column":6}},"4":{"start":{"line":12,"column":17},"end":{"line":12,"column":58}},"5":{"start":{"line":14,"column":4},"end":{"line":14,"column":49}},"6":{"start":{"line":14,"column":15},"end":{"line":14,"column":49}},"7":{"start":{"line":16,"column":24},"end":{"line":21,"column":6}},"8":{"start":{"line":23,"column":4},"end":{"line":23,"column":34}},"9":{"start":{"line":24,"column":4},"end":{"line":24,"column":36}},"10":{"start":{"line":26,"column":4},"end":{"line":26,"column":23}},"11":{"start":{"line":4,"column":0},"end":{"line":4,"column":13}}},"fnMap":{"0":{"name":"(anonymous_7)","decl":{"start":{"line":5,"column":2},"end":{"line":5,"column":22}},"loc":{"start":{"line":5,"column":46},"end":{"line":5,"column":50}}},"1":{"name":"(anonymous_8)","decl":{"start":{"line":7,"column":8},"end":{"line":7,"column":15}},"loc":{"start":{"line":7,"column":28},"end":{"line":27,"column":null}}}},"branchMap":{"0":{"loc":{"start":{"line":14,"column":4},"end":{"line":14,"column":49}},"type":"if","locations":[{"start":{"line":14,"column":4},"end":{"line":14,"column":49}},{"start":{},"end":{}}]},"1":{"loc":{"start":{"line":19,"column":13},"end":{"line":19,"column":null}},"type":"binary-expr","locations":[{"start":{"line":19,"column":13},"end":{"line":19,"column":24}},{"start":{"line":19,"column":28},"end":{"line":19,"column":39}}]},"2":{"loc":{"start":{"line":19,"column":28},"end":{"line":19,"column":39}},"type":"cond-expr","locations":[{"start":{"line":19,"column":32},"end":{"line":19,"column":34}},{"start":{"line":19,"column":28},"end":{"line":19,"column":39}}]},"3":{"loc":{"start":{"line":19,"column":28},"end":{"line":19,"column":34}},"type":"binary-expr","locations":[{"start":{"line":19,"column":28},"end":{"line":19,"column":34}},{"start":{"line":19,"column":28},"end":{"line":19,"column":34}}]},"4":{"loc":{"start":{"line":20,"column":16},"end":{"line":20,"column":null}},"type":"binary-expr","locations":[{"start":{"line":20,"column":16},"end":{"line":20,"column":30}},{"start":{"line":20,"column":34},"end":{"line":20,"column":48}}]},"5":{"loc":{"start":{"line":20,"column":34},"end":{"line":20,"column":48}},"type":"cond-expr","locations":[{"start":{"line":20,"column":38},"end":{"line":20,"column":40}},{"start":{"line":20,"column":34},"end":{"line":20,"column":48}}]},"6":{"loc":{"start":{"line":20,"column":34},"end":{"line":20,"column":40}},"type":"binary-expr","locations":[{"start":{"line":20,"column":34},"end":{"line":20,"column":40}},{"start":{"line":20,"column":34},"end":{"line":20,"column":40}}]}},"s":{"0":1,"1":1,"2":1,"3":1,"4":1,"5":1,"6":0,"7":1,"8":1,"9":1,"10":1,"11":1},"f":{"0":1,"1":1},"b":{"0":[0,1],"1":[1,0],"2":[0,0],"3":[0,0],"4":[1,0],"5":[0,0],"6":[0,0]}}
,"/Users/leonardotireck/Documents/Projects/Lara/backend/src/application/UserLogin.usecase.ts": {"path":"/Users/leonardotireck/Documents/Projects/Lara/backend/src/application/UserLogin.usecase.ts","statementMap":{"0":{"start":{"line":2,"column":0},"end":{"line":2,"column":28}},"1":{"start":{"line":3,"column":0},"end":{"line":3,"column":31}},"2":{"start":{"line":4,"column":0},"end":{"line":4,"column":23}},"3":{"start":{"line":7,"column":22},"end":{"line":7,"column":46}},"4":{"start":{"line":10,"column":17},"end":{"line":10,"column":60}},"5":{"start":{"line":11,"column":4},"end":{"line":11,"column":55}},"6":{"start":{"line":11,"column":15},"end":{"line":11,"column":55}},"7":{"start":{"line":12,"column":4},"end":{"line":15,"column":7}},"8":{"start":{"line":13,"column":6},"end":{"line":13,"column":25}},"9":{"start":{"line":13,"column":15},"end":{"line":13,"column":25}},"10":{"start":{"line":14,"column":6},"end":{"line":14,"column":57}},"11":{"start":{"line":14,"column":17},"end":{"line":14,"column":57}},"12":{"start":{"line":16,"column":20},"end":{"line":19,"column":6}},"13":{"start":{"line":21,"column":19},"end":{"line":25,"column":6}},"14":{"start":{"line":26,"column":4},"end":{"line":26,"column":18}},"15":{"start":{"line":6,"column":0},"end":{"line":6,"column":13}}},"fnMap":{"0":{"name":"(anonymous_8)","decl":{"start":{"line":7,"column":2},"end":{"line":7,"column":22}},"loc":{"start":{"line":7,"column":46},"end":{"line":7,"column":50}}},"1":{"name":"(anonymous_9)","decl":{"start":{"line":9,"column":8},"end":{"line":9,"column":15}},"loc":{"start":{"line":9,"column":28},"end":{"line":27,"column":null}}},"2":{"name":"(anonymous_11)","decl":{"start":{"line":12,"column":50},"end":{"line":12,"column":51}},"loc":{"start":{"line":12,"column":64},"end":{"line":15,"column":5}}}},"branchMap":{"0":{"loc":{"start":{"line":11,"column":4},"end":{"line":11,"column":55}},"type":"if","locations":[{"start":{"line":11,"column":4},"end":{"line":11,"column":55}},{"start":{},"end":{}}]},"1":{"loc":{"start":{"line":13,"column":6},"end":{"line":13,"column":25}},"type":"if","locations":[{"start":{"line":13,"column":6},"end":{"line":13,"column":25}},{"start":{},"end":{}}]},"2":{"loc":{"start":{"line":14,"column":6},"end":{"line":14,"column":57}},"type":"if","locations":[{"start":{"line":14,"column":6},"end":{"line":14,"column":57}},{"start":{},"end":{}}]}},"s":{"0":1,"1":1,"2":1,"3":2,"4":2,"5":2,"6":1,"7":1,"8":1,"9":0,"10":1,"11":0,"12":1,"13":1,"14":1,"15":1},"f":{"0":2,"1":2,"2":1},"b":{"0":[1,1],"1":[0,1],"2":[0,1]}}
,"/Users/leonardotireck/Documents/Projects/Lara/backend/src/domain/User.ts": {"path":"/Users/leonardotireck/Documents/Projects/Lara/backend/src/domain/User.ts","statementMap":{"0":{"start":{"line":1,"column":0},"end":{"line":1,"column":28}},"1":{"start":{"line":2,"column":0},"end":{"line":2,"column":28}},"2":{"start":{"line":3,"column":0},"end":{"line":3,"column":23}},"3":{"start":{"line":7,"column":13},"end":{"line":7,"column":23}},"4":{"start":{"line":8,"column":13},"end":{"line":8,"column":25}},"5":{"start":{"line":9,"column":13},"end":{"line":9,"column":26}},"6":{"start":{"line":10,"column":13},"end":{"line":10,"column":29}},"7":{"start":{"line":14,"column":15},"end":{"line":14,"column":34}},"8":{"start":{"line":15,"column":23},"end":{"line":15,"column":54}},"9":{"start":{"line":16,"column":27},"end":{"line":16,"column":66}},"10":{"start":{"line":17,"column":4},"end":{"line":17,"column":53}},"11":{"start":{"line":5,"column":0},"end":{"line":5,"column":13}}},"fnMap":{"0":{"name":"(anonymous_8)","decl":{"start":{"line":6,"column":2},"end":{"line":6,"column":null}},"loc":{"start":{"line":10,"column":29},"end":{"line":11,"column":6}}},"1":{"name":"(anonymous_9)","decl":{"start":{"line":13,"column":2},"end":{"line":13,"column":8}},"loc":{"start":{"line":13,"column":67},"end":{"line":18,"column":null}}}},"branchMap":{},"s":{"0":1,"1":1,"2":1,"3":6,"4":6,"5":6,"6":6,"7":6,"8":6,"9":6,"10":6,"11":1},"f":{"0":6,"1":6},"b":{}}
,"/Users/leonardotireck/Documents/Projects/Lara/backend/src/infrastructure/UserRepo/InMemory.ts": {"path":"/Users/leonardotireck/Documents/Projects/Lara/backend/src/infrastructure/UserRepo/InMemory.ts","statementMap":{"0":{"start":{"line":5,"column":9},"end":{"line":12,"column":4}},"1":{"start":{"line":15,"column":4},"end":{"line":15,"column":26}},"2":{"start":{"line":19,"column":17},"end":{"line":19,"column":62}},"3":{"start":{"line":19,"column":43},"end":{"line":19,"column":61}},"4":{"start":{"line":20,"column":4},"end":{"line":20,"column":16}},"5":{"start":{"line":24,"column":17},"end":{"line":24,"column":68}},"6":{"start":{"line":24,"column":43},"end":{"line":24,"column":67}},"7":{"start":{"line":25,"column":4},"end":{"line":25,"column":16}},"8":{"start":{"line":29,"column":17},"end":{"line":29,"column":62}},"9":{"start":{"line":29,"column":43},"end":{"line":29,"column":61}},"10":{"start":{"line":30,"column":22},"end":{"line":30,"column":72}},"11":{"start":{"line":30,"column":53},"end":{"line":30,"column":71}},"12":{"start":{"line":31,"column":4},"end":{"line":31,"column":36}},"13":{"start":{"line":32,"column":4},"end":{"line":32,"column":26}},"14":{"start":{"line":32,"column":14},"end":{"line":32,"column":26}},"15":{"start":{"line":36,"column":19},"end":{"line":43,"column":6}},"16":{"start":{"line":37,"column":6},"end":{"line":42,"column":8}},"17":{"start":{"line":44,"column":4},"end":{"line":44,"column":18}},"18":{"start":{"line":4,"column":0},"end":{"line":4,"column":13}}},"fnMap":{"0":{"name":"(anonymous_7)","decl":{"start":{"line":4,"column":0},"end":{"line":4,"column":13}},"loc":{"start":{"line":4,"column":0},"end":{"line":46,"column":1}}},"1":{"name":"(anonymous_8)","decl":{"start":{"line":14,"column":8},"end":{"line":14,"column":12}},"loc":{"start":{"line":14,"column":23},"end":{"line":16,"column":null}}},"2":{"name":"(anonymous_10)","decl":{"start":{"line":18,"column":8},"end":{"line":18,"column":15}},"loc":{"start":{"line":18,"column":30},"end":{"line":21,"column":null}}},"3":{"name":"(anonymous_12)","decl":{"start":{"line":19,"column":33},"end":{"line":19,"column":34}},"loc":{"start":{"line":19,"column":43},"end":{"line":19,"column":61}}},"4":{"name":"(anonymous_13)","decl":{"start":{"line":23,"column":8},"end":{"line":23,"column":18}},"loc":{"start":{"line":23,"column":36},"end":{"line":26,"column":null}}},"5":{"name":"(anonymous_15)","decl":{"start":{"line":24,"column":33},"end":{"line":24,"column":34}},"loc":{"start":{"line":24,"column":43},"end":{"line":24,"column":67}}},"6":{"name":"(anonymous_16)","decl":{"start":{"line":28,"column":8},"end":{"line":28,"column":14}},"loc":{"start":{"line":28,"column":29},"end":{"line":33,"column":null}}},"7":{"name":"(anonymous_18)","decl":{"start":{"line":29,"column":33},"end":{"line":29,"column":34}},"loc":{"start":{"line":29,"column":43},"end":{"line":29,"column":61}}},"8":{"name":"(anonymous_19)","decl":{"start":{"line":30,"column":43},"end":{"line":30,"column":44}},"loc":{"start":{"line":30,"column":53},"end":{"line":30,"column":71}}},"9":{"name":"(anonymous_20)","decl":{"start":{"line":35,"column":8},"end":{"line":35,"column":14}},"loc":{"start":{"line":35,"column":14},"end":{"line":45,"column":null}}},"10":{"name":"(anonymous_22)","decl":{"start":{"line":36,"column":34},"end":{"line":36,"column":35}},"loc":{"start":{"line":36,"column":43},"end":{"line":43,"column":5}}}},"branchMap":{"0":{"loc":{"start":{"line":32,"column":4},"end":{"line":32,"column":26}},"type":"if","locations":[{"start":{"line":32,"column":4},"end":{"line":32,"column":26}},{"start":{},"end":{}}]}},"s":{"0":7,"1":7,"2":2,"3":1,"4":2,"5":3,"6":3,"7":3,"8":1,"9":1,"10":1,"11":1,"12":1,"13":1,"14":1,"15":2,"16":2,"17":2,"18":1},"f":{"0":7,"1":7,"2":2,"3":1,"4":3,"5":3,"6":1,"7":1,"8":1,"9":2,"10":2},"b":{"0":[1,0]}}
}
